f:\학원\github\project\project(winapi6)\x64\debug\vc142.pdb
f:\학원\github\project\project(winapi6)\x64\debug\vc142.idb
f:\학원\github\project\project(winapi6)\x64\debug\winmain.obj
f:\학원\github\project\project(winapi6)\x64\debug\gamemanager.obj
f:\학원\github\project\project(winapi6)\x64\debug\bitmap.obj
f:\학원\github\project\project(winapi6)\x64\debug\animal.obj
f:\학원\github\project\project(winapi6)\x64\debug\project(winapi6).res
f:\학원\github\project\project(winapi6)\x64\debug\project(winapi6).ilk
f:\학원\github\project\project(winapi6)\x64\debug\project(winapi6).tlog\cl.command.1.tlog
f:\학원\github\project\project(winapi6)\x64\debug\project(winapi6).tlog\rc.command.1.tlog
f:\학원\github\project\project(winapi6)\x64\debug\project(winapi6).tlog\link.command.1.tlog
f:\학원\github\project\project(winapi6)\x64\debug\project(winapi6).tlog\cl.read.1.tlog
f:\학원\github\project\project(winapi6)\x64\debug\project(winapi6).tlog\rc.read.1.tlog
f:\학원\github\project\project(winapi6)\x64\debug\project(winapi6).tlog\link.read.1.tlog
f:\학원\github\project\project(winapi6)\x64\debug\project(winapi6).tlog\cl.write.1.tlog
f:\학원\github\project\project(winapi6)\x64\debug\project(winapi6).tlog\rc.write.1.tlog
f:\학원\github\project\project(winapi6)\x64\debug\project(winapi6).tlog\link.write.1.tlog
f:\학원\github\project\project(winapi6)\x64\debug\project(winapi6).tlog\link.4100-rc.read.1.tlog
f:\학원\github\project\project(winapi6)\x64\debug\project(winapi6).tlog\link.4100-rc.write.1.tlog
f:\학원\github\project\project(winapi6)\x64\debug\project(winapi6).tlog\link.4100-cvtres.read.1.tlog
f:\학원\github\project\project(winapi6)\x64\debug\project(winapi6).tlog\link.4100-cvtres.write.1.tlog
f:\학원\github\project\project(winapi6)\x64\debug\project(winapi6).tlog\link.4100.read.1.tlog
f:\학원\github\project\project(winapi6)\x64\debug\project(winapi6).tlog\link.4100.write.1.tlog
